error loadView general | 21.11.2016 07:45:18  |  User:   | main/view | response 400
error loadView general | 21.11.2016 07:45:18  |  User:   | main/view | response 400
error loadView general | 21.11.2016 07:45:18  |  User:   | main/view | response 400
error loadView general | 21.11.2016 07:45:18  |  User:   | main/view | response 400
error loadView general | 21.11.2016 07:45:18  |  User:   | main/view | response 400
error loadView general | 21.11.2016 07:45:18  |  User:   | main/view | response 400
error loadView general | 21.11.2016 07:45:18  |  User:   | main/view | response 400
error loadView general | 21.11.2016 07:45:18  |  User:   | main/view | response 400
error loadView general | 21.11.2016 07:45:18  |  User:   | main/view | response 400
error loadView general | 21.11.2016 07:45:18  |  User:   | main/view | response 400
error loadView general | 21.11.2016 07:45:18  |  User:   | main/view | response 400
error loadView general | 21.11.2016 07:45:18  |  User:   | main/view | response 400
error loadView general | 21.11.2016 07:45:18  |  User:   | main/view | response 400
error loadView general | 21.11.2016 07:45:18  |  User:   | main/view | response 400
error loadView general | 21.11.2016 07:45:18  |  User:   | main/view | response 400
error loadView general | 21.11.2016 07:45:18  |  User:   | main/view | response 400
error loadView general | 21.11.2016 07:45:18  |  User:   | main/view | response 400
error loadView general | 21.11.2016 07:45:18  |  User:   | main/view | response 400
error loadView general | 21.11.2016 07:45:18  |  User:   | main/view | response 400
error loadView general | 21.11.2016 07:45:18  |  User:   | main/view | response 400
error loadView general | 21.11.2016 07:45:18  |  User:   | main/view | response 400
error loadView general | 21.11.2016 07:45:18  |  User:   | main/view | response 400
error loadView general | 21.11.2016 07:45:18  |  User:   | main/view | response 400
error loadView general | 21.11.2016 07:45:18  |  User:   | main/view | response 400
error loadView general | 21.11.2016 07:45:18  |  User:   | main/view | response 400
error loadView general | 21.11.2016 07:45:18  |  User:   | main/view | response 400
error loadView general | 21.11.2016 07:45:18  |  User:   | main/view | response 400
error loadView general | 21.11.2016 07:45:18  |  User:   | main/view | response 400
error loadView general | 21.11.2016 07:45:18  |  User:   | main/view | response 400
error loadView general | 21.11.2016 07:46:33  |  User:   | users/form_users/view | response 400
error loadView general | 21.11.2016 07:46:33  |  User:   | users/form_users/view | response 400
error loadView general | 21.11.2016 07:46:33  |  User:   | users/form_users/view | response 400
error loadView general | 21.11.2016 07:46:33  |  User:   | users/form_users/view | response 400
error loadView general | 21.11.2016 07:46:33  |  User:   | users/form_users/view | response 400
error loadView general | 21.11.2016 07:46:33  |  User:   | users/form_users/view | response 400
error loadView general | 21.11.2016 07:46:33  |  User:   | users/form_users/view | response 400
error loadView general | 21.11.2016 07:46:33  |  User:   | users/form_users/view | response 400
error loadView general | 21.11.2016 07:46:33  |  User:   | users/form_users/view | response 400
error loadView general | 21.11.2016 07:46:57  |  User:   | users/form_users/view | response 400
error loadView general | 21.11.2016 07:46:57  |  User:   | users/form_users/view | response 400
error loadView general | 21.11.2016 07:46:57  |  User:   | users/form_users/view | response 400
error loadView general | 21.11.2016 07:46:57  |  User:   | users/form_users/view | response 400
error loadView general | 21.11.2016 07:46:57  |  User:   | users/form_users/view | response 400
error loadView general | 21.11.2016 07:46:57  |  User:   | users/form_users/view | response 400
error loadView general | 21.11.2016 07:46:57  |  User:   | users/form_users/view | response 400
error loadView general | 21.11.2016 07:46:57  |  User:   | users/form_users/view | response 400
error loadView general | 21.11.2016 07:46:57  |  User:   | users/form_users/view | response 400
error loadView general | 21.11.2016 07:49:46  |  User:   | users/form_users/view | response 400
error loadView general | 21.11.2016 07:49:46  |  User:   | users/form_users/view | response 400
error loadView general | 21.11.2016 07:49:46  |  User:   | users/form_users/view | response 400
error loadView general | 21.11.2016 07:49:46  |  User:   | users/form_users/view | response 400
error loadView general | 21.11.2016 07:49:46  |  User:   | users/form_users/view | response 400
error loadView general | 21.11.2016 07:49:46  |  User:   | users/form_users/view | response 400
error loadView general | 21.11.2016 07:49:46  |  User:   | users/form_users/view | response 400
error loadView general | 21.11.2016 07:49:46  |  User:   | users/form_users/view | response 400
error loadView general | 21.11.2016 07:49:46  |  User:   | users/form_users/view | response 400
error loadView general | 21.11.2016 07:50:01  |  User:   | users/form_users/view | response 400
error loadView general | 21.11.2016 07:50:01  |  User:   | users/form_users/view | response 400
error loadView general | 21.11.2016 07:50:04  |  User:   | view | response 400
error loadView general | 21.11.2016 07:50:09  |  User:   | main/view | response 400
error loadView general | 21.11.2016 07:50:09  |  User:   | main/view | response 400
error loadView general | 21.11.2016 07:50:09  |  User:   | main/view | response 400
error loadView general | 21.11.2016 07:50:09  |  User:   | main/view | response 400
error loadView general | 21.11.2016 07:50:09  |  User:   | main/view | response 400
error loadView general | 21.11.2016 07:50:09  |  User:   | main/view | response 400
error loadView general | 21.11.2016 07:50:09  |  User:   | main/view | response 400
error loadView general | 21.11.2016 07:50:09  |  User:   | main/view | response 400
error loadView general | 21.11.2016 07:50:09  |  User:   | main/view | response 400
error loadView general | 21.11.2016 07:50:09  |  User:   | main/view | response 400
error loadView general | 21.11.2016 07:50:09  |  User:   | main/view | response 400
error loadView general | 21.11.2016 07:50:09  |  User:   | main/view | response 400
error loadView general | 21.11.2016 07:50:09  |  User:   | main/view | response 400
error loadView general | 21.11.2016 07:50:09  |  User:   | main/view | response 400
error loadView general | 21.11.2016 07:50:09  |  User:   | main/view | response 400
error loadView general | 21.11.2016 07:50:09  |  User:   | main/view | response 400
error loadView general | 21.11.2016 07:50:09  |  User:   | main/view | response 400
error loadView general | 21.11.2016 07:50:09  |  User:   | main/view | response 400
error loadView general | 21.11.2016 07:50:09  |  User:   | main/view | response 400
error loadView general | 21.11.2016 07:50:09  |  User:   | main/view | response 400
error loadView general | 21.11.2016 07:50:09  |  User:   | main/view | response 400
error loadView general | 21.11.2016 07:50:09  |  User:   | main/view | response 400
error loadView general | 21.11.2016 07:50:09  |  User:   | main/view | response 400
error loadView general | 21.11.2016 07:50:09  |  User:   | main/view | response 400
error loadView general | 21.11.2016 07:50:09  |  User:   | main/view | response 400
error loadView general | 21.11.2016 07:50:09  |  User:   | main/view | response 400
error loadView general | 21.11.2016 07:50:09  |  User:   | main/view | response 400
error loadView general | 21.11.2016 07:50:09  |  User:   | main/view | response 400
error loadView general | 21.11.2016 07:50:09  |  User:   | main/view | response 400
error loadView general | 21.11.2016 07:52:33  |  User:   | main/view | response 400
error loadView general | 21.11.2016 07:52:33  |  User:   | main/view | response 400
error loadView general | 21.11.2016 07:52:33  |  User:   | main/view | response 400
error loadView general | 21.11.2016 07:52:33  |  User:   | main/view | response 400
error loadView general | 21.11.2016 07:52:33  |  User:   | main/view | response 400
error loadView general | 21.11.2016 07:52:34  |  User:   | main/view | response 400
error loadView general | 21.11.2016 07:52:34  |  User:   | main/view | response 400
error loadView general | 21.11.2016 07:52:34  |  User:   | main/view | response 400
error loadView general | 21.11.2016 07:52:34  |  User:   | main | response 400
error loadView general | 21.11.2016 07:52:34  |  User:   | main/view | response 400
error loadView general | 21.11.2016 07:52:34  |  User:   | main/view | response 400
error loadView general | 21.11.2016 07:52:34  |  User:   | main/view | response 400
error loadView general | 21.11.2016 07:52:34  |  User:   | main/view | response 400
error loadView general | 21.11.2016 07:52:34  |  User:   | main/view | response 400
error loadView general | 21.11.2016 07:52:34  |  User:   | main/view | response 400
error loadView general | 21.11.2016 07:52:34  |  User:   | main/view | response 400
error loadView general | 21.11.2016 07:52:34  |  User:   | main/view | response 400
error loadView general | 21.11.2016 07:52:34  |  User:   | main/view | response 400
error loadView general | 21.11.2016 07:52:34  |  User:   | main/view | response 400
error loadView general | 21.11.2016 07:52:34  |  User:   | main | response 400
error loadView general | 21.11.2016 07:52:34  |  User:   | main/view | response 400
error loadView general | 21.11.2016 07:52:34  |  User:   | main/view | response 400
error loadView general | 21.11.2016 07:52:34  |  User:   | main/view | response 400
error loadView general | 21.11.2016 07:52:34  |  User:   | main/view | response 400
error loadView general | 21.11.2016 07:52:34  |  User:   | main/view | response 400
error loadView general | 21.11.2016 07:52:34  |  User:   | main/view | response 400
error loadView general | 21.11.2016 07:52:34  |  User:   | main/view | response 400
error loadView general | 21.11.2016 07:52:34  |  User:   | main/view | response 400
error loadView general | 21.11.2016 07:52:34  |  User:   | main/view | response 400
error loadView general | 21.11.2016 07:52:34  |  User:   | main/view | response 400
error loadView general | 21.11.2016 07:52:44  |  User:   | main/view | response 400
error loadView general | 21.11.2016 07:52:44  |  User:   | main/view | response 400
error loadView general | 21.11.2016 07:53:45  |  User:   | main/view | response 400
error loadView general | 21.11.2016 07:53:45  |  User:   | main/view | response 400
error loadView general | 21.11.2016 07:53:45  |  User:   | main/view | response 400
error loadView general | 21.11.2016 07:53:45  |  User:   | main/view | response 400
error loadView general | 21.11.2016 07:53:45  |  User:   | main/view | response 400
error loadView general | 21.11.2016 07:53:46  |  User:   | main/view | response 400
error loadView general | 21.11.2016 07:53:46  |  User:   | main/view | response 400
error loadView general | 21.11.2016 07:53:46  |  User:   | main/view | response 400
error loadView general | 21.11.2016 07:53:46  |  User:   | main | response 400
error loadView general | 21.11.2016 07:53:46  |  User:   | main/view | response 400
error loadView general | 21.11.2016 07:53:46  |  User:   | main/view | response 400
error loadView general | 21.11.2016 07:53:46  |  User:   | main/view | response 400
error loadView general | 21.11.2016 07:53:46  |  User:   | main/view | response 400
error loadView general | 21.11.2016 07:53:46  |  User:   | main/view | response 400
error loadView general | 21.11.2016 07:53:46  |  User:   | main/view | response 400
error loadView general | 21.11.2016 07:53:46  |  User:   | main/view | response 400
error loadView general | 21.11.2016 07:53:46  |  User:   | main/view | response 400
error loadView general | 21.11.2016 07:53:46  |  User:   | main/view | response 400
error loadView general | 21.11.2016 07:53:46  |  User:   | main/view | response 400
error loadView general | 21.11.2016 07:53:46  |  User:   | main | response 400
error loadView general | 21.11.2016 07:53:46  |  User:   | main/view | response 400
error loadView general | 21.11.2016 07:53:46  |  User:   | main/view | response 400
error loadView general | 21.11.2016 07:53:46  |  User:   | main/view | response 400
error loadView general | 21.11.2016 07:53:46  |  User:   | main/view | response 400
error loadView general | 21.11.2016 07:53:46  |  User:   | main/view | response 400
error loadView general | 21.11.2016 07:53:46  |  User:   | main/view | response 400
error loadView general | 21.11.2016 07:53:46  |  User:   | main/view | response 400
error loadView general | 21.11.2016 07:53:46  |  User:   | main/view | response 400
error loadView general | 21.11.2016 07:53:46  |  User:   | main/view | response 400
error loadView general | 21.11.2016 07:53:46  |  User:   | main | response 400
error loadView general | 21.11.2016 07:53:48  |  User:   | view | response 400
error loadView general | 21.11.2016 07:53:51  |  User:   | main/view | response 400
error loadView general | 21.11.2016 07:53:51  |  User:   | main/view | response 400
error loadView general | 21.11.2016 07:53:51  |  User:   | main/view | response 400
error loadView general | 21.11.2016 07:53:51  |  User:   | main/view | response 400
error loadView general | 21.11.2016 07:53:51  |  User:   | main/view | response 400
error loadView general | 21.11.2016 07:53:51  |  User:   | main/view | response 400
error loadView general | 21.11.2016 07:53:51  |  User:   | main/view | response 400
error loadView general | 21.11.2016 07:53:51  |  User:   | main/view | response 400
error loadView general | 21.11.2016 07:53:51  |  User:   | main | response 400
error loadView general | 21.11.2016 07:53:51  |  User:   | main/view | response 400
error loadView general | 21.11.2016 07:53:51  |  User:   | main/view | response 400
error loadView general | 21.11.2016 07:53:51  |  User:   | main/view | response 400
error loadView general | 21.11.2016 07:53:51  |  User:   | main/view | response 400
error loadView general | 21.11.2016 07:53:51  |  User:   | main/view | response 400
error loadView general | 21.11.2016 07:53:51  |  User:   | main/view | response 400
error loadView general | 21.11.2016 07:53:51  |  User:   | main/view | response 400
error loadView general | 21.11.2016 07:53:51  |  User:   | main/view | response 400
error loadView general | 21.11.2016 07:53:51  |  User:   | main/view | response 400
error loadView general | 21.11.2016 07:53:51  |  User:   | main | response 400
error loadView general | 21.11.2016 07:53:51  |  User:   | main/view | response 400
error loadView general | 21.11.2016 07:53:51  |  User:   | main/view | response 400
error loadView general | 21.11.2016 07:53:51  |  User:   | main/view | response 400
error loadView general | 21.11.2016 07:53:51  |  User:   | main/view | response 400
error loadView general | 21.11.2016 07:53:51  |  User:   | main/view | response 400
error loadView general | 21.11.2016 07:53:51  |  User:   | main/view | response 400
error loadView general | 21.11.2016 07:53:51  |  User:   | main/view | response 400
error loadView general | 21.11.2016 07:53:51  |  User:   | main/view | response 400
error loadView general | 21.11.2016 07:53:51  |  User:   | main/view | response 400
error loadView general | 21.11.2016 07:53:51  |  User:   | main | response 400
error loadView general | 21.11.2016 07:54:08  |  User:   | main/view | response 400
error loadView general | 21.11.2016 07:54:08  |  User:   | main/view | response 400
error loadView general | 21.11.2016 07:54:08  |  User:   | main/view | response 400
error loadView general | 21.11.2016 07:54:08  |  User:   | main/view | response 400
error loadView general | 21.11.2016 07:54:08  |  User:   | main/view | response 400
error loadView general | 21.11.2016 07:54:08  |  User:   | main/view | response 400
error loadView general | 21.11.2016 07:54:08  |  User:   | main/view | response 400
error loadView general | 21.11.2016 07:54:08  |  User:   | main/view | response 400
error loadView general | 21.11.2016 07:54:08  |  User:   | main | response 400
error loadView general | 21.11.2016 07:54:08  |  User:   | main/view | response 400
error loadView general | 21.11.2016 07:54:08  |  User:   | main/view | response 400
error loadView general | 21.11.2016 07:54:08  |  User:   | main/view | response 400
error loadView general | 21.11.2016 07:54:08  |  User:   | main/view | response 400
error loadView general | 21.11.2016 07:54:08  |  User:   | main/view | response 400
error loadView general | 21.11.2016 07:54:08  |  User:   | main/view | response 400
error loadView general | 21.11.2016 07:54:08  |  User:   | main/view | response 400
error loadView general | 21.11.2016 07:54:08  |  User:   | main/view | response 400
error loadView general | 21.11.2016 07:54:08  |  User:   | main/view | response 400
error loadView general | 21.11.2016 07:54:08  |  User:   | main/view | response 400
error loadView general | 21.11.2016 07:54:08  |  User:   | main/view | response 400
error loadView general | 21.11.2016 07:54:08  |  User:   | main/view | response 400
error loadView general | 21.11.2016 07:54:08  |  User:   | main | response 400
error loadView general | 21.11.2016 07:54:08  |  User:   | main/view | response 400
error loadView general | 21.11.2016 07:54:08  |  User:   | main/view | response 400
error loadView general | 21.11.2016 07:54:08  |  User:   | main/view | response 400
error loadView general | 21.11.2016 07:54:08  |  User:   | main/view | response 400
error loadView general | 21.11.2016 07:54:08  |  User:   | main/view | response 400
error loadView general | 21.11.2016 07:54:08  |  User:   | main/view | response 400
error loadView general | 21.11.2016 07:54:08  |  User:   | main/view | response 400
error loadView general | 21.11.2016 07:54:08  |  User:   | main | response 400
error loadView general | 21.11.2016 07:55:22  |  User:   | main/view | response 400
error loadView general | 21.11.2016 07:55:22  |  User:   | main/view | response 400
error loadView general | 21.11.2016 07:55:22  |  User:   | main/view | response 400
error loadView general | 21.11.2016 07:55:22  |  User:   | main/view | response 400
error loadView general | 21.11.2016 07:55:22  |  User:   | main/view | response 400
error loadView general | 21.11.2016 07:55:22  |  User:   | main/view | response 400
error loadView general | 21.11.2016 07:55:22  |  User:   | main/view | response 400
error loadView general | 21.11.2016 07:55:22  |  User:   | main | response 400
error loadView general | 21.11.2016 07:55:22  |  User:   | main | response 400
error loadView general | 21.11.2016 07:55:22  |  User:   | main/view | response 400
error loadView general | 21.11.2016 07:55:22  |  User:   | main/view | response 400
error loadView general | 21.11.2016 07:55:22  |  User:   | main/view | response 400
error loadView general | 21.11.2016 07:55:22  |  User:   | main/view | response 400
error loadView general | 21.11.2016 07:55:22  |  User:   | main/view | response 400
error loadView general | 21.11.2016 07:55:22  |  User:   | main/view | response 400
error loadView general | 21.11.2016 07:55:22  |  User:   | main/view | response 400
error loadView general | 21.11.2016 07:55:22  |  User:   | main/view | response 400
error loadView general | 21.11.2016 07:55:22  |  User:   | main/view | response 400
error loadView general | 21.11.2016 07:55:22  |  User:   | main | response 400
error loadView general | 21.11.2016 07:55:22  |  User:   | main/view | response 400
error loadView general | 21.11.2016 07:55:22  |  User:   | main | response 400
error loadView general | 21.11.2016 07:55:22  |  User:   | main/view | response 400
error loadView general | 21.11.2016 07:55:22  |  User:   | main/view | response 400
error loadView general | 21.11.2016 07:55:22  |  User:   | main/view | response 400
error loadView general | 21.11.2016 07:55:22  |  User:   | main/view | response 400
error loadView general | 21.11.2016 07:55:22  |  User:   | main/view | response 400
error loadView general | 21.11.2016 07:55:22  |  User:   | main/view | response 400
error loadView general | 21.11.2016 07:55:22  |  User:   | main/view | response 400
error loadView general | 21.11.2016 07:55:22  |  User:   | main/view | response 400
error loadView general | 21.11.2016 07:55:22  |  User:   | main | response 400
error loadView general | 21.11.2016 07:55:42  |  User:   | main/view | response 400
error loadView general | 21.11.2016 07:55:42  |  User:   | main/view | response 400
error loadView general | 21.11.2016 07:55:42  |  User:   | main/view | response 400
error loadView general | 21.11.2016 07:55:42  |  User:   | main/view | response 400
error loadView general | 21.11.2016 07:55:42  |  User:   | main/view | response 400
error loadView general | 21.11.2016 07:55:42  |  User:   | main/view | response 400
error loadView general | 21.11.2016 07:55:42  |  User:   | main/view | response 400
error loadView general | 21.11.2016 07:55:42  |  User:   | main | response 400
error loadView general | 21.11.2016 07:55:42  |  User:   | main | response 400
error loadView general | 21.11.2016 07:55:42  |  User:   | main/view | response 400
error loadView general | 21.11.2016 07:55:42  |  User:   | main/view | response 400
error loadView general | 21.11.2016 07:55:42  |  User:   | main/view | response 400
error loadView general | 21.11.2016 07:55:42  |  User:   | main/view | response 400
error loadView general | 21.11.2016 07:55:42  |  User:   | main/view | response 400
error loadView general | 21.11.2016 07:55:42  |  User:   | main/view | response 400
error loadView general | 21.11.2016 07:55:42  |  User:   | main/view | response 400
error loadView general | 21.11.2016 07:55:42  |  User:   | main/view | response 400
error loadView general | 21.11.2016 07:55:42  |  User:   | main/view | response 400
error loadView general | 21.11.2016 07:55:43  |  User:   | main | response 400
error loadView general | 21.11.2016 07:55:43  |  User:   | main | response 400
error loadView general | 21.11.2016 07:55:43  |  User:   | main/view | response 400
error loadView general | 21.11.2016 07:55:43  |  User:   | main/view | response 400
error loadView general | 21.11.2016 07:55:43  |  User:   | main/view | response 400
error loadView general | 21.11.2016 07:55:43  |  User:   | main/view | response 400
error loadView general | 21.11.2016 07:55:43  |  User:   | main/view | response 400
error loadView general | 21.11.2016 07:55:43  |  User:   | main/view | response 400
error loadView general | 21.11.2016 07:55:43  |  User:   | main/view | response 400
error loadView general | 21.11.2016 07:55:43  |  User:   | main/view | response 400
error loadView general | 21.11.2016 07:55:43  |  User:   | main/view | response 400
error loadView general | 21.11.2016 07:55:43  |  User:   | main | response 400
error loadView general | 21.11.2016 07:57:36  |  User:   | main/view | response 400
error loadView general | 21.11.2016 07:57:36  |  User:   | main/view | response 400
error loadView general | 21.11.2016 07:57:36  |  User:   | main/view | response 400
error loadView general | 21.11.2016 07:57:36  |  User:   | main/view | response 400
error loadView general | 21.11.2016 07:57:36  |  User:   | main/view | response 400
error loadView general | 21.11.2016 07:57:37  |  User:   | main/view | response 400
error loadView general | 21.11.2016 07:57:37  |  User:   | main/view | response 400
error loadView general | 21.11.2016 07:57:37  |  User:   | main/view | response 400
error loadView general | 21.11.2016 07:57:37  |  User:   | main/view | response 400
error loadView general | 21.11.2016 07:57:37  |  User:   | main/view | response 400
error loadView general | 21.11.2016 07:57:37  |  User:   | main/view | response 400
error loadView general | 21.11.2016 07:57:37  |  User:   | main/view | response 400
error loadView general | 21.11.2016 07:57:37  |  User:   | main/view | response 400
error loadView general | 21.11.2016 07:57:37  |  User:   | main/view | response 400
error loadView general | 21.11.2016 07:57:37  |  User:   | main/view | response 400
error loadView general | 21.11.2016 07:57:37  |  User:   | main/view | response 400
error loadView general | 21.11.2016 07:57:37  |  User:   | main/view | response 400
error loadView general | 21.11.2016 07:57:37  |  User:   | main/view | response 400
error loadView general | 21.11.2016 07:57:37  |  User:   | main/view | response 400
error loadView general | 21.11.2016 07:57:37  |  User:   | main/view | response 400
error loadView general | 21.11.2016 07:57:37  |  User:   | main/view | response 400
error loadView general | 21.11.2016 07:57:37  |  User:   | main/view | response 400
error loadView general | 21.11.2016 07:57:37  |  User:   | main/view | response 400
error loadView general | 21.11.2016 07:57:37  |  User:   | main/view | response 400
error loadView general | 21.11.2016 07:57:37  |  User:   | main/view | response 400
error loadView general | 21.11.2016 08:02:19  |  User:   | main/view | response 400
error loadView general | 21.11.2016 08:02:19  |  User:   | main/view | response 400
error loadView general | 21.11.2016 08:02:19  |  User:   | main/view | response 400
error loadView general | 21.11.2016 08:02:19  |  User:   | main/view | response 400
error loadView general | 21.11.2016 08:02:19  |  User:   | main/view | response 400
error loadView general | 21.11.2016 08:02:19  |  User:   | main/view | response 400
error loadView general | 21.11.2016 08:02:19  |  User:   | main/view | response 400
error loadView general | 21.11.2016 08:02:19  |  User:   | view/images | response 400
error loadView general | 21.11.2016 08:02:19  |  User:   | view/images | response 400
error loadView general | 21.11.2016 08:02:19  |  User:   | view/images | response 400
error loadView general | 21.11.2016 08:02:19  |  User:   | view/images | response 400
error loadView general | 21.11.2016 08:02:19  |  User:   | view/images | response 400
error loadView general | 21.11.2016 08:02:19  |  User:   | view/images | response 400
error loadView general | 21.11.2016 08:04:29  |  User:   | view | response 400
error loadView general | 21.11.2016 08:04:29  |  User:   | main/view | response 400
error loadView general | 21.11.2016 08:04:29  |  User:   | main/view | response 400
error loadView general | 21.11.2016 08:04:29  |  User:   | view/images | response 400
error loadView general | 21.11.2016 08:04:29  |  User:   | view/images | response 400
error loadView general | 21.11.2016 08:04:29  |  User:   | view/images | response 400
error loadView general | 21.11.2016 08:04:29  |  User:   | view/images | response 400
error loadView general | 21.11.2016 08:04:29  |  User:   | view/images | response 400
error loadView general | 21.11.2016 08:04:29  |  User:   | view/images | response 400
error loadView general | 21.11.2016 08:06:27  |  User:   | view | response 400
error loadView general | 21.11.2016 08:06:33  |  User:   | view | response 400
error loadView general | 21.11.2016 08:06:35  |  User:   | view | response 400
error loadView general | 21.11.2016 08:06:37  |  User:   | view/images | response 400
error loadView general | 21.11.2016 08:06:37  |  User:   | view/images | response 400
error loadView general | 21.11.2016 08:06:37  |  User:   | view/images | response 400
error loadView general | 21.11.2016 08:06:37  |  User:   | view | response 400
error loadView general | 21.11.2016 08:06:37  |  User:   | view/images | response 400
error loadView general | 21.11.2016 08:06:37  |  User:   | view/images | response 400
error loadView general | 21.11.2016 08:06:37  |  User:   | view/images | response 400
error loadView general | 21.11.2016 08:07:32  |  User:   | view | response 400
error loadView general | 21.11.2016 08:08:16  |  User:   | view | response 400
error loadView general | 21.11.2016 08:08:28  |  User:   | view | response 400
error loadView general | 21.11.2016 08:25:08  |  User:   | view | response 400
error loadView general | 21.11.2016 08:27:15  |  User:   | view | response 400
error loadView general | 21.11.2016 08:30:32  |  User:   | view | response 400
error loadView general | 21.11.2016 08:32:46  |  User:   | view | response 400
error loadView general | 21.11.2016 08:35:44  |  User:   | view | response 400
error loadView general | 21.11.2016 08:36:58  |  User:   | view | response 400
error loadView general | 21.11.2016 08:42:22  |  User:   | view | response 400
error loadView general | 21.11.2016 08:46:39  |  User:   | view | response 400
error loadView general | 21.11.2016 08:48:10  |  User:   | view | response 400
error loadView general | 21.11.2016 08:49:06  |  User:   | view | response 400
error loadView general | 21.11.2016 08:49:59  |  User:   | view | response 400
error loadView general | 21.11.2016 08:52:18  |  User:   | view | response 400
error loadView general | 21.11.2016 08:55:44  |  User:   | view | response 400
error loadView general | 21.11.2016 08:56:51  |  User:   | view | response 400
error loadView general | 21.11.2016 08:58:26  |  User:   | view | response 400
error loadView general | 21.11.2016 08:58:29  |  User:   | view | response 400
error loadView general | 21.11.2016 09:01:16  |  User:   | view | response 400
error loadView general | 21.11.2016 09:04:30  |  User:   | view | response 400
error loadView general | 21.11.2016 09:05:22  |  User:   | view | response 400
error loadView general | 21.11.2016 09:20:31  |  User:   | view | response 400
error loadView general | 21.11.2016 09:25:04  |  User:   | view | response 400
error loadView general | 21.11.2016 09:27:16  |  User:   | view | response 400
error loadView general | 21.11.2016 09:30:27  |  User:   | view | response 400
error loadView general | 21.11.2016 09:32:30  |  User:   | view | response 400
error loadView general | 21.11.2016 09:36:10  |  User:   | view | response 400
error loadView general | 21.11.2016 09:36:59  |  User:   | view | response 400
error loadView general | 21.11.2016 09:37:47  |  User:   | view | response 400
error loadView general | 21.11.2016 09:38:22  |  User:   | view | response 400
error loadView general | 21.11.2016 09:39:02  |  User:   | view | response 400
error loadView general | 21.11.2016 09:49:25  |  User:   | view | response 400
error loadView general | 21.11.2016 09:50:24  |  User:   | view | response 400
error loadView general | 21.11.2016 09:54:39  |  User:   | view | response 400
error loadView general | 21.11.2016 09:56:00  |  User:   | view | response 400
error loadView general | 21.11.2016 10:51:09  |  User:   | view | response 400
error loadView general | 22.11.2016 04:25:31  |  User:   | view | response 400
error loadView general | 22.11.2016 04:26:50  |  User:   | view | response 400
error loadView general | 22.11.2016 04:28:02  |  User:   | view | response 400
error loadView general | 22.11.2016 04:42:06  |  User:   | users/results_user/modules/users/view | response 400
error loadView general | 22.11.2016 04:43:57  |  User:   | users/results_user/modules/users/view | response 400
error loadView general | 22.11.2016 06:38:55  |  User:   | users/results_user | response 400
