21/11/16 07:45:18 PM | error loadView general | main/view | response 400
21/11/16 07:45:18 PM | error loadView general | main/view | response 400
21/11/16 07:45:18 PM | error loadView general | main/view | response 400
21/11/16 07:45:18 PM | error loadView general | main/view | response 400
21/11/16 07:45:18 PM | error loadView general | main/view | response 400
21/11/16 07:45:18 PM | error loadView general | main/view | response 400
21/11/16 07:45:18 PM | error loadView general | main/view | response 400
21/11/16 07:45:18 PM | error loadView general | main/view | response 400
21/11/16 07:45:18 PM | error loadView general | main/view | response 400
21/11/16 07:45:18 PM | error loadView general | main/view | response 400
21/11/16 07:45:18 PM | error loadView general | main/view | response 400
21/11/16 07:45:18 PM | error loadView general | main/view | response 400
21/11/16 07:45:18 PM | error loadView general | main/view | response 400
21/11/16 07:45:18 PM | error loadView general | main/view | response 400
21/11/16 07:45:18 PM | error loadView general | main/view | response 400
21/11/16 07:45:18 PM | error loadView general | main/view | response 400
21/11/16 07:45:18 PM | error loadView general | main/view | response 400
21/11/16 07:45:18 PM | error loadView general | main/view | response 400
21/11/16 07:45:18 PM | error loadView general | main/view | response 400
21/11/16 07:45:18 PM | error loadView general | main/view | response 400
21/11/16 07:45:18 PM | error loadView general | main/view | response 400
21/11/16 07:45:18 PM | error loadView general | main/view | response 400
21/11/16 07:45:18 PM | error loadView general | main/view | response 400
21/11/16 07:45:18 PM | error loadView general | main/view | response 400
21/11/16 07:45:18 PM | error loadView general | main/view | response 400
21/11/16 07:45:18 PM | error loadView general | main/view | response 400
21/11/16 07:45:18 PM | error loadView general | main/view | response 400
21/11/16 07:45:18 PM | error loadView general | main/view | response 400
21/11/16 07:45:18 PM | error loadView general | main/view | response 400
21/11/16 07:46:33 PM | error loadView general | users/form_users/view | response 400
21/11/16 07:46:33 PM | error loadView general | users/form_users/view | response 400
21/11/16 07:46:33 PM | error loadView general | users/form_users/view | response 400
21/11/16 07:46:33 PM | error loadView general | users/form_users/view | response 400
21/11/16 07:46:33 PM | error loadView general | users/form_users/view | response 400
21/11/16 07:46:33 PM | error loadView general | users/form_users/view | response 400
21/11/16 07:46:33 PM | error loadView general | users/form_users/view | response 400
21/11/16 07:46:33 PM | error loadView general | users/form_users/view | response 400
21/11/16 07:46:33 PM | error loadView general | users/form_users/view | response 400
21/11/16 07:46:57 PM | error loadView general | users/form_users/view | response 400
21/11/16 07:46:57 PM | error loadView general | users/form_users/view | response 400
21/11/16 07:46:57 PM | error loadView general | users/form_users/view | response 400
21/11/16 07:46:57 PM | error loadView general | users/form_users/view | response 400
21/11/16 07:46:57 PM | error loadView general | users/form_users/view | response 400
21/11/16 07:46:57 PM | error loadView general | users/form_users/view | response 400
21/11/16 07:46:57 PM | error loadView general | users/form_users/view | response 400
21/11/16 07:46:57 PM | error loadView general | users/form_users/view | response 400
21/11/16 07:46:57 PM | error loadView general | users/form_users/view | response 400
21/11/16 07:49:46 PM | error loadView general | users/form_users/view | response 400
21/11/16 07:49:46 PM | error loadView general | users/form_users/view | response 400
21/11/16 07:49:46 PM | error loadView general | users/form_users/view | response 400
21/11/16 07:49:46 PM | error loadView general | users/form_users/view | response 400
21/11/16 07:49:46 PM | error loadView general | users/form_users/view | response 400
21/11/16 07:49:46 PM | error loadView general | users/form_users/view | response 400
21/11/16 07:49:46 PM | error loadView general | users/form_users/view | response 400
21/11/16 07:49:46 PM | error loadView general | users/form_users/view | response 400
21/11/16 07:49:46 PM | error loadView general | users/form_users/view | response 400
21/11/16 07:50:01 PM | error loadView general | users/form_users/view | response 400
21/11/16 07:50:01 PM | error loadView general | users/form_users/view | response 400
21/11/16 07:50:04 PM | error loadView general | view | response 400
21/11/16 07:50:09 PM | error loadView general | main/view | response 400
21/11/16 07:50:09 PM | error loadView general | main/view | response 400
21/11/16 07:50:09 PM | error loadView general | main/view | response 400
21/11/16 07:50:09 PM | error loadView general | main/view | response 400
21/11/16 07:50:09 PM | error loadView general | main/view | response 400
21/11/16 07:50:09 PM | error loadView general | main/view | response 400
21/11/16 07:50:09 PM | error loadView general | main/view | response 400
21/11/16 07:50:09 PM | error loadView general | main/view | response 400
21/11/16 07:50:09 PM | error loadView general | main/view | response 400
21/11/16 07:50:09 PM | error loadView general | main/view | response 400
21/11/16 07:50:09 PM | error loadView general | main/view | response 400
21/11/16 07:50:09 PM | error loadView general | main/view | response 400
21/11/16 07:50:09 PM | error loadView general | main/view | response 400
21/11/16 07:50:09 PM | error loadView general | main/view | response 400
21/11/16 07:50:09 PM | error loadView general | main/view | response 400
21/11/16 07:50:09 PM | error loadView general | main/view | response 400
21/11/16 07:50:09 PM | error loadView general | main/view | response 400
21/11/16 07:50:09 PM | error loadView general | main/view | response 400
21/11/16 07:50:09 PM | error loadView general | main/view | response 400
21/11/16 07:50:09 PM | error loadView general | main/view | response 400
21/11/16 07:50:09 PM | error loadView general | main/view | response 400
21/11/16 07:50:09 PM | error loadView general | main/view | response 400
21/11/16 07:50:09 PM | error loadView general | main/view | response 400
21/11/16 07:50:09 PM | error loadView general | main/view | response 400
21/11/16 07:50:09 PM | error loadView general | main/view | response 400
21/11/16 07:50:09 PM | error loadView general | main/view | response 400
21/11/16 07:50:09 PM | error loadView general | main/view | response 400
21/11/16 07:50:09 PM | error loadView general | main/view | response 400
21/11/16 07:50:09 PM | error loadView general | main/view | response 400
21/11/16 07:52:33 PM | error loadView general | main/view | response 400
21/11/16 07:52:33 PM | error loadView general | main/view | response 400
21/11/16 07:52:33 PM | error loadView general | main/view | response 400
21/11/16 07:52:33 PM | error loadView general | main/view | response 400
21/11/16 07:52:33 PM | error loadView general | main/view | response 400
21/11/16 07:52:34 PM | error loadView general | main/view | response 400
21/11/16 07:52:34 PM | error loadView general | main/view | response 400
21/11/16 07:52:34 PM | error loadView general | main/view | response 400
21/11/16 07:52:34 PM | error loadView general | main | response 400
21/11/16 07:52:34 PM | error loadView general | main/view | response 400
21/11/16 07:52:34 PM | error loadView general | main/view | response 400
21/11/16 07:52:34 PM | error loadView general | main/view | response 400
21/11/16 07:52:34 PM | error loadView general | main/view | response 400
21/11/16 07:52:34 PM | error loadView general | main/view | response 400
21/11/16 07:52:34 PM | error loadView general | main/view | response 400
21/11/16 07:52:34 PM | error loadView general | main/view | response 400
21/11/16 07:52:34 PM | error loadView general | main/view | response 400
21/11/16 07:52:34 PM | error loadView general | main/view | response 400
21/11/16 07:52:34 PM | error loadView general | main/view | response 400
21/11/16 07:52:34 PM | error loadView general | main | response 400
21/11/16 07:52:34 PM | error loadView general | main/view | response 400
21/11/16 07:52:34 PM | error loadView general | main/view | response 400
21/11/16 07:52:34 PM | error loadView general | main/view | response 400
21/11/16 07:52:34 PM | error loadView general | main/view | response 400
21/11/16 07:52:34 PM | error loadView general | main/view | response 400
21/11/16 07:52:34 PM | error loadView general | main/view | response 400
21/11/16 07:52:34 PM | error loadView general | main/view | response 400
21/11/16 07:52:34 PM | error loadView general | main/view | response 400
21/11/16 07:52:34 PM | error loadView general | main/view | response 400
21/11/16 07:52:34 PM | error loadView general | main/view | response 400
21/11/16 07:52:44 PM | error loadView general | main/view | response 400
21/11/16 07:52:44 PM | error loadView general | main/view | response 400
21/11/16 07:53:45 PM | error loadView general | main/view | response 400
21/11/16 07:53:45 PM | error loadView general | main/view | response 400
21/11/16 07:53:45 PM | error loadView general | main/view | response 400
21/11/16 07:53:45 PM | error loadView general | main/view | response 400
21/11/16 07:53:45 PM | error loadView general | main/view | response 400
21/11/16 07:53:46 PM | error loadView general | main/view | response 400
21/11/16 07:53:46 PM | error loadView general | main/view | response 400
21/11/16 07:53:46 PM | error loadView general | main/view | response 400
21/11/16 07:53:46 PM | error loadView general | main | response 400
21/11/16 07:53:46 PM | error loadView general | main/view | response 400
21/11/16 07:53:46 PM | error loadView general | main/view | response 400
21/11/16 07:53:46 PM | error loadView general | main/view | response 400
21/11/16 07:53:46 PM | error loadView general | main/view | response 400
21/11/16 07:53:46 PM | error loadView general | main/view | response 400
21/11/16 07:53:46 PM | error loadView general | main/view | response 400
21/11/16 07:53:46 PM | error loadView general | main/view | response 400
21/11/16 07:53:46 PM | error loadView general | main/view | response 400
21/11/16 07:53:46 PM | error loadView general | main/view | response 400
21/11/16 07:53:46 PM | error loadView general | main/view | response 400
21/11/16 07:53:46 PM | error loadView general | main | response 400
21/11/16 07:53:46 PM | error loadView general | main/view | response 400
21/11/16 07:53:46 PM | error loadView general | main/view | response 400
21/11/16 07:53:46 PM | error loadView general | main/view | response 400
21/11/16 07:53:46 PM | error loadView general | main/view | response 400
21/11/16 07:53:46 PM | error loadView general | main/view | response 400
21/11/16 07:53:46 PM | error loadView general | main/view | response 400
21/11/16 07:53:46 PM | error loadView general | main/view | response 400
21/11/16 07:53:46 PM | error loadView general | main/view | response 400
21/11/16 07:53:46 PM | error loadView general | main/view | response 400
21/11/16 07:53:46 PM | error loadView general | main | response 400
21/11/16 07:53:48 PM | error loadView general | view | response 400
21/11/16 07:53:51 PM | error loadView general | main/view | response 400
21/11/16 07:53:51 PM | error loadView general | main/view | response 400
21/11/16 07:53:51 PM | error loadView general | main/view | response 400
21/11/16 07:53:51 PM | error loadView general | main/view | response 400
21/11/16 07:53:51 PM | error loadView general | main/view | response 400
21/11/16 07:53:51 PM | error loadView general | main/view | response 400
21/11/16 07:53:51 PM | error loadView general | main/view | response 400
21/11/16 07:53:51 PM | error loadView general | main/view | response 400
21/11/16 07:53:51 PM | error loadView general | main | response 400
21/11/16 07:53:51 PM | error loadView general | main/view | response 400
21/11/16 07:53:51 PM | error loadView general | main/view | response 400
21/11/16 07:53:51 PM | error loadView general | main/view | response 400
21/11/16 07:53:51 PM | error loadView general | main/view | response 400
21/11/16 07:53:51 PM | error loadView general | main/view | response 400
21/11/16 07:53:51 PM | error loadView general | main/view | response 400
21/11/16 07:53:51 PM | error loadView general | main/view | response 400
21/11/16 07:53:51 PM | error loadView general | main/view | response 400
21/11/16 07:53:51 PM | error loadView general | main/view | response 400
21/11/16 07:53:51 PM | error loadView general | main | response 400
21/11/16 07:53:51 PM | error loadView general | main/view | response 400
21/11/16 07:53:51 PM | error loadView general | main/view | response 400
21/11/16 07:53:51 PM | error loadView general | main/view | response 400
21/11/16 07:53:51 PM | error loadView general | main/view | response 400
21/11/16 07:53:51 PM | error loadView general | main/view | response 400
21/11/16 07:53:51 PM | error loadView general | main/view | response 400
21/11/16 07:53:51 PM | error loadView general | main/view | response 400
21/11/16 07:53:51 PM | error loadView general | main/view | response 400
21/11/16 07:53:51 PM | error loadView general | main/view | response 400
21/11/16 07:53:51 PM | error loadView general | main | response 400
21/11/16 07:54:08 PM | error loadView general | main/view | response 400
21/11/16 07:54:08 PM | error loadView general | main/view | response 400
21/11/16 07:54:08 PM | error loadView general | main/view | response 400
21/11/16 07:54:08 PM | error loadView general | main/view | response 400
21/11/16 07:54:08 PM | error loadView general | main/view | response 400
21/11/16 07:54:08 PM | error loadView general | main/view | response 400
21/11/16 07:54:08 PM | error loadView general | main/view | response 400
21/11/16 07:54:08 PM | error loadView general | main/view | response 400
21/11/16 07:54:08 PM | error loadView general | main | response 400
21/11/16 07:54:08 PM | error loadView general | main/view | response 400
21/11/16 07:54:08 PM | error loadView general | main/view | response 400
21/11/16 07:54:08 PM | error loadView general | main/view | response 400
21/11/16 07:54:08 PM | error loadView general | main/view | response 400
21/11/16 07:54:08 PM | error loadView general | main/view | response 400
21/11/16 07:54:08 PM | error loadView general | main/view | response 400
21/11/16 07:54:08 PM | error loadView general | main/view | response 400
21/11/16 07:54:08 PM | error loadView general | main/view | response 400
21/11/16 07:54:08 PM | error loadView general | main/view | response 400
21/11/16 07:54:08 PM | error loadView general | main/view | response 400
21/11/16 07:54:08 PM | error loadView general | main/view | response 400
21/11/16 07:54:08 PM | error loadView general | main/view | response 400
21/11/16 07:54:08 PM | error loadView general | main | response 400
21/11/16 07:54:08 PM | error loadView general | main/view | response 400
21/11/16 07:54:08 PM | error loadView general | main/view | response 400
21/11/16 07:54:08 PM | error loadView general | main/view | response 400
21/11/16 07:54:08 PM | error loadView general | main/view | response 400
21/11/16 07:54:08 PM | error loadView general | main/view | response 400
21/11/16 07:54:08 PM | error loadView general | main/view | response 400
21/11/16 07:54:08 PM | error loadView general | main/view | response 400
21/11/16 07:54:08 PM | error loadView general | main | response 400
21/11/16 07:55:22 PM | error loadView general | main/view | response 400
21/11/16 07:55:22 PM | error loadView general | main/view | response 400
21/11/16 07:55:22 PM | error loadView general | main/view | response 400
21/11/16 07:55:22 PM | error loadView general | main/view | response 400
21/11/16 07:55:22 PM | error loadView general | main/view | response 400
21/11/16 07:55:22 PM | error loadView general | main/view | response 400
21/11/16 07:55:22 PM | error loadView general | main/view | response 400
21/11/16 07:55:22 PM | error loadView general | main | response 400
21/11/16 07:55:22 PM | error loadView general | main | response 400
21/11/16 07:55:22 PM | error loadView general | main/view | response 400
21/11/16 07:55:22 PM | error loadView general | main/view | response 400
21/11/16 07:55:22 PM | error loadView general | main/view | response 400
21/11/16 07:55:22 PM | error loadView general | main/view | response 400
21/11/16 07:55:22 PM | error loadView general | main/view | response 400
21/11/16 07:55:22 PM | error loadView general | main/view | response 400
21/11/16 07:55:22 PM | error loadView general | main/view | response 400
21/11/16 07:55:22 PM | error loadView general | main/view | response 400
21/11/16 07:55:22 PM | error loadView general | main/view | response 400
21/11/16 07:55:22 PM | error loadView general | main | response 400
21/11/16 07:55:22 PM | error loadView general | main/view | response 400
21/11/16 07:55:22 PM | error loadView general | main | response 400
21/11/16 07:55:22 PM | error loadView general | main/view | response 400
21/11/16 07:55:22 PM | error loadView general | main/view | response 400
21/11/16 07:55:22 PM | error loadView general | main/view | response 400
21/11/16 07:55:22 PM | error loadView general | main/view | response 400
21/11/16 07:55:22 PM | error loadView general | main/view | response 400
21/11/16 07:55:22 PM | error loadView general | main/view | response 400
21/11/16 07:55:22 PM | error loadView general | main/view | response 400
21/11/16 07:55:22 PM | error loadView general | main/view | response 400
21/11/16 07:55:22 PM | error loadView general | main | response 400
21/11/16 07:55:42 PM | error loadView general | main/view | response 400
21/11/16 07:55:42 PM | error loadView general | main/view | response 400
21/11/16 07:55:42 PM | error loadView general | main/view | response 400
21/11/16 07:55:42 PM | error loadView general | main/view | response 400
21/11/16 07:55:42 PM | error loadView general | main/view | response 400
21/11/16 07:55:42 PM | error loadView general | main/view | response 400
21/11/16 07:55:42 PM | error loadView general | main/view | response 400
21/11/16 07:55:42 PM | error loadView general | main | response 400
21/11/16 07:55:42 PM | error loadView general | main | response 400
21/11/16 07:55:42 PM | error loadView general | main/view | response 400
21/11/16 07:55:42 PM | error loadView general | main/view | response 400
21/11/16 07:55:42 PM | error loadView general | main/view | response 400
21/11/16 07:55:42 PM | error loadView general | main/view | response 400
21/11/16 07:55:42 PM | error loadView general | main/view | response 400
21/11/16 07:55:42 PM | error loadView general | main/view | response 400
21/11/16 07:55:42 PM | error loadView general | main/view | response 400
21/11/16 07:55:42 PM | error loadView general | main/view | response 400
21/11/16 07:55:42 PM | error loadView general | main/view | response 400
21/11/16 07:55:43 PM | error loadView general | main | response 400
21/11/16 07:55:43 PM | error loadView general | main | response 400
21/11/16 07:55:43 PM | error loadView general | main/view | response 400
21/11/16 07:55:43 PM | error loadView general | main/view | response 400
21/11/16 07:55:43 PM | error loadView general | main/view | response 400
21/11/16 07:55:43 PM | error loadView general | main/view | response 400
21/11/16 07:55:43 PM | error loadView general | main/view | response 400
21/11/16 07:55:43 PM | error loadView general | main/view | response 400
21/11/16 07:55:43 PM | error loadView general | main/view | response 400
21/11/16 07:55:43 PM | error loadView general | main/view | response 400
21/11/16 07:55:43 PM | error loadView general | main/view | response 400
21/11/16 07:55:43 PM | error loadView general | main | response 400
21/11/16 07:57:36 PM | error loadView general | main/view | response 400
21/11/16 07:57:36 PM | error loadView general | main/view | response 400
21/11/16 07:57:36 PM | error loadView general | main/view | response 400
21/11/16 07:57:36 PM | error loadView general | main/view | response 400
21/11/16 07:57:36 PM | error loadView general | main/view | response 400
21/11/16 07:57:37 PM | error loadView general | main/view | response 400
21/11/16 07:57:37 PM | error loadView general | main/view | response 400
21/11/16 07:57:37 PM | error loadView general | main/view | response 400
21/11/16 07:57:37 PM | error loadView general | main/view | response 400
21/11/16 07:57:37 PM | error loadView general | main/view | response 400
21/11/16 07:57:37 PM | error loadView general | main/view | response 400
21/11/16 07:57:37 PM | error loadView general | main/view | response 400
21/11/16 07:57:37 PM | error loadView general | main/view | response 400
21/11/16 07:57:37 PM | error loadView general | main/view | response 400
21/11/16 07:57:37 PM | error loadView general | main/view | response 400
21/11/16 07:57:37 PM | error loadView general | main/view | response 400
21/11/16 07:57:37 PM | error loadView general | main/view | response 400
21/11/16 07:57:37 PM | error loadView general | main/view | response 400
21/11/16 07:57:37 PM | error loadView general | main/view | response 400
21/11/16 07:57:37 PM | error loadView general | main/view | response 400
21/11/16 07:57:37 PM | error loadView general | main/view | response 400
21/11/16 07:57:37 PM | error loadView general | main/view | response 400
21/11/16 07:57:37 PM | error loadView general | main/view | response 400
21/11/16 07:57:37 PM | error loadView general | main/view | response 400
21/11/16 07:57:37 PM | error loadView general | main/view | response 400
21/11/16 08:02:19 PM | error loadView general | main/view | response 400
21/11/16 08:02:19 PM | error loadView general | main/view | response 400
21/11/16 08:02:19 PM | error loadView general | main/view | response 400
21/11/16 08:02:19 PM | error loadView general | main/view | response 400
21/11/16 08:02:19 PM | error loadView general | main/view | response 400
21/11/16 08:02:19 PM | error loadView general | main/view | response 400
21/11/16 08:02:19 PM | error loadView general | main/view | response 400
21/11/16 08:02:19 PM | error loadView general | view/images | response 400
21/11/16 08:02:19 PM | error loadView general | view/images | response 400
21/11/16 08:02:19 PM | error loadView general | view/images | response 400
21/11/16 08:02:19 PM | error loadView general | view/images | response 400
21/11/16 08:02:19 PM | error loadView general | view/images | response 400
21/11/16 08:02:19 PM | error loadView general | view/images | response 400
21/11/16 08:04:29 PM | error loadView general | view | response 400
21/11/16 08:04:29 PM | error loadView general | main/view | response 400
21/11/16 08:04:29 PM | error loadView general | main/view | response 400
21/11/16 08:04:29 PM | error loadView general | view/images | response 400
21/11/16 08:04:29 PM | error loadView general | view/images | response 400
21/11/16 08:04:29 PM | error loadView general | view/images | response 400
21/11/16 08:04:29 PM | error loadView general | view/images | response 400
21/11/16 08:04:29 PM | error loadView general | view/images | response 400
21/11/16 08:04:29 PM | error loadView general | view/images | response 400
21/11/16 08:06:27 PM | error loadView general | view | response 400
21/11/16 08:06:33 PM | error loadView general | view | response 400
21/11/16 08:06:35 PM | error loadView general | view | response 400
21/11/16 08:06:37 PM | error loadView general | view/images | response 400
21/11/16 08:06:37 PM | error loadView general | view/images | response 400
21/11/16 08:06:37 PM | error loadView general | view/images | response 400
21/11/16 08:06:37 PM | error loadView general | view | response 400
21/11/16 08:06:37 PM | error loadView general | view/images | response 400
21/11/16 08:06:37 PM | error loadView general | view/images | response 400
21/11/16 08:06:37 PM | error loadView general | view/images | response 400
21/11/16 08:07:32 PM | error loadView general | view | response 400
21/11/16 08:08:16 PM | error loadView general | view | response 400
21/11/16 08:08:28 PM | error loadView general | view | response 400
21/11/16 08:25:08 PM | error loadView general | view | response 400
21/11/16 08:27:15 PM | error loadView general | view | response 400
21/11/16 08:30:32 PM | error loadView general | view | response 400
21/11/16 08:32:46 PM | error loadView general | view | response 400
21/11/16 08:35:44 PM | error loadView general | view | response 400
21/11/16 08:36:58 PM | error loadView general | view | response 400
21/11/16 08:42:22 PM | error loadView general | view | response 400
21/11/16 08:46:39 PM | error loadView general | view | response 400
21/11/16 08:48:10 PM | error loadView general | view | response 400
21/11/16 08:49:06 PM | error loadView general | view | response 400
21/11/16 08:49:59 PM | error loadView general | view | response 400
21/11/16 08:52:18 PM | error loadView general | view | response 400
21/11/16 08:55:44 PM | error loadView general | view | response 400
21/11/16 08:56:51 PM | error loadView general | view | response 400
21/11/16 08:58:26 PM | error loadView general | view | response 400
21/11/16 08:58:29 PM | error loadView general | view | response 400
21/11/16 09:01:16 PM | error loadView general | view | response 400
21/11/16 09:04:30 PM | error loadView general | view | response 400
21/11/16 09:05:22 PM | error loadView general | view | response 400
21/11/16 09:20:31 PM | error loadView general | view | response 400
21/11/16 09:25:04 PM | error loadView general | view | response 400
21/11/16 09:27:16 PM | error loadView general | view | response 400
21/11/16 09:30:27 PM | error loadView general | view | response 400
21/11/16 09:32:30 PM | error loadView general | view | response 400
21/11/16 09:36:10 PM | error loadView general | view | response 400
21/11/16 09:36:59 PM | error loadView general | view | response 400
21/11/16 09:37:47 PM | error loadView general | view | response 400
21/11/16 09:38:22 PM | error loadView general | view | response 400
21/11/16 09:39:02 PM | error loadView general | view | response 400
21/11/16 09:49:25 PM | error loadView general | view | response 400
21/11/16 09:50:24 PM | error loadView general | view | response 400
21/11/16 09:54:39 PM | error loadView general | view | response 400
21/11/16 09:56:00 PM | error loadView general | view | response 400
21/11/16 10:51:09 PM | error loadView general | view | response 400
22/11/16 04:25:31 PM | error loadView general | view | response 400
22/11/16 04:26:50 PM | error loadView general | view | response 400
22/11/16 04:28:02 PM | error loadView general | view | response 400
22/11/16 04:42:06 PM | error loadView general | users/results_user/modules/users/view | response 400
22/11/16 04:43:57 PM | error loadView general | users/results_user/modules/users/view | response 400
22/11/16 06:38:55 PM | error loadView general | users/results_user | response 400
